<?xml version="1.0" encoding="UTF-8"?>
<testsuite xmlns:xsi="http://www.w3.org/2001/XMLSchema-instance" xsi:noNamespaceSchemaLocation="https://maven.apache.org/surefire/maven-surefire-plugin/xsd/surefire-test-report-3.0.xsd" version="3.0" name="com.cg.blog.BlogApplicationTests" time="3.524" tests="1" errors="0" skipped="0" failures="0">
  <properties>
[...]
</properties>
  <testcase name="contextLoads" classname="com.cg.blog.BlogApplicationTests" time="0.52">
    <system-out><![CDATA[23:23:57.517 [main] INFO org.springframework.test.context.support.AnnotationConfigContextLoaderUtils -- Could not detect default configuration classes for test class [com.cg.blog.BlogApplicationTests]: BlogApplicationTests does not declare any static, non-private, non-final, nested classes annotated with @Configuration.
23:23:57.586 [main] INFO org.springframework.boot.test.context.SpringBootTestContextBootstrapper -- Found @SpringBootConfiguration com.cg.blog.BlogApplication for test class com.cg.blog.BlogApplicationTests

  .   ____          _            __ _ _
 /\\ / ___'_ __ _ _(_)_ __  __ _ \ \ \ \
( ( )\___ | '_ | '_| | '_ \/ _` | \ \ \ \
 \\/  ___)| |_)| | | | | || (_| |  ) ) ) )
  '  |____| .__|_| |_|_| |_\__, | / / / /
 =========|_|==============|___/=/_/_/_/

 :: Spring Boot ::               (v3.3.11)

2025-05-04T23:23:57.893+05:30  INFO 16744 --- [blog] [           main] com.cg.blog.BlogApplicationTests         : Starting BlogApplicationTests using Java 17.0.12 with PID 16744 (started by user in D:\GHD\Blog_Platform\blog)
2025-05-04T23:23:57.894+05:30  INFO 16744 --- [blog] [           main] com.cg.blog.BlogApplicationTests         : No active profile set, falling back to 1 default profile: "default"
2025-05-04T23:23:58.364+05:30  INFO 16744 --- [blog] [           main] .s.d.r.c.RepositoryConfigurationDelegate : Bootstrapping Spring Data JPA repositories in DEFAULT mode.
2025-05-04T23:23:58.382+05:30  INFO 16744 --- [blog] [           main] .s.d.r.c.RepositoryConfigurationDelegate : Finished Spring Data repository scanning in 10 ms. Found 0 JPA repository interfaces.
2025-05-04T23:23:58.697+05:30  INFO 16744 --- [blog] [           main] o.hibernate.jpa.internal.util.LogHelper  : HHH000204: Processing PersistenceUnitInfo [name: default]
2025-05-04T23:23:58.758+05:30  INFO 16744 --- [blog] [           main] org.hibernate.Version                    : HHH000412: Hibernate ORM core version 6.5.3.Final
2025-05-04T23:23:58.785+05:30  INFO 16744 --- [blog] [           main] o.h.c.internal.RegionFactoryInitiator    : HHH000026: Second-level cache disabled
2025-05-04T23:23:59.061+05:30  INFO 16744 --- [blog] [           main] o.s.o.j.p.SpringPersistenceUnitInfo      : No LoadTimeWeaver setup: ignoring JPA class transformer
2025-05-04T23:23:59.092+05:30  INFO 16744 --- [blog] [           main] com.zaxxer.hikari.HikariDataSource       : HikariPool-1 - Starting...
2025-05-04T23:23:59.227+05:30  INFO 16744 --- [blog] [           main] com.zaxxer.hikari.pool.HikariPool        : HikariPool-1 - Added connection org.postgresql.jdbc.PgConnection@587f4f63
2025-05-04T23:23:59.229+05:30  INFO 16744 --- [blog] [           main] com.zaxxer.hikari.HikariDataSource       : HikariPool-1 - Start completed.
2025-05-04T23:23:59.253+05:30  WARN 16744 --- [blog] [           main] org.hibernate.orm.deprecation            : HHH90000025: PostgreSQLDialect does not need to be specified explicitly using 'hibernate.dialect' (remove the property setting and it will be selected by default)
2025-05-04T23:23:59.521+05:30  INFO 16744 --- [blog] [           main] o.h.e.t.j.p.i.JtaPlatformInitiator       : HHH000489: No JTA platform available (set 'hibernate.transaction.jta.platform' to enable JTA platform integration)
2025-05-04T23:23:59.526+05:30  INFO 16744 --- [blog] [           main] j.LocalContainerEntityManagerFactoryBean : Initialized JPA EntityManagerFactory for persistence unit 'default'
2025-05-04T23:23:59.717+05:30  WARN 16744 --- [blog] [           main] JpaBaseConfiguration$JpaWebConfiguration : spring.jpa.open-in-view is enabled by default. Therefore, database queries may be performed during view rendering. Explicitly configure spring.jpa.open-in-view to disable this warning
2025-05-04T23:24:00.386+05:30  INFO 16744 --- [blog] [           main] com.cg.blog.BlogApplicationTests         : Started BlogApplicationTests in 2.687 seconds (process running for 3.391)
]]></system-out>
  </testcase>
</testsuite>